-1.6
-encoding
UTF-8
-classpath
C:\Users\Jiøí\.m2\repository\com\sun\faces\jsf-api\2.1.14\jsf-api-2.1.14.jar;C:\Users\Jiøí\.m2\repository\com\sun\faces\jsf-impl\2.1.14\jsf-impl-2.1.14.jar;C:\Users\Jiøí\.m2\repository\javax\servlet\javax.servlet-api\3.0.1\javax.servlet-api-3.0.1.jar;C:\Users\Jiøí\.m2\repository\javax\servlet\jsp\jsp-api\2.2\jsp-api-2.2.jar;C:\Users\Jiøí\.m2\repository\org\hibernate\hibernate-entitymanager\4.1.7.Final\hibernate-entitymanager-4.1.7.Final.jar;C:\Users\Jiøí\.m2\repository\org\springframework\spring-core\3.1.2.RELEASE\spring-core-3.1.2.RELEASE.jar;C:\Users\Jiøí\.m2\repository\org\springframework\spring-context\3.1.2.RELEASE\spring-context-3.1.2.RELEASE.jar;C:\Users\Jiøí\.m2\repository\org\springframework\spring-orm\3.1.2.RELEASE\spring-orm-3.1.2.RELEASE.jar;C:\Users\Jiøí\.m2\repository\org\springframework\spring-web\3.1.2.RELEASE\spring-web-3.1.2.RELEASE.jar;C:\Users\Jiøí\.m2\repository\org\springframework\spring-test\3.1.2.RELEASE\spring-test-3.1.2.RELEASE.jar;C:\Users\Jiøí\.m2\repository\org\springframework\spring-aspects\3.1.2.RELEASE\spring-aspects-3.1.2.RELEASE.jar;C:\Users\Jiøí\.m2\repository\postgresql\postgresql\9.1-901.jdbc4\postgresql-9.1-901.jdbc4.jar;C:\Users\Jiøí\.m2\repository\org\aspectj\aspectjrt\1.6.12\aspectjrt-1.6.12.jar;C:\Users\Jiøí\.m2\repository\junit\junit\4.8.2\junit-4.8.2.jar;C:\Users\Jiøí\.m2\repository\log4j\log4j\1.2.16\log4j-1.2.16.jar;C:\Users\Jiøí\.m2\repository\org\slf4j\slf4j-log4j12\1.6.1\slf4j-log4j12-1.6.1.jar;C:\Users\Jiøí\.m2\repository\cglib\cglib\2.2\cglib-2.2.jar;C:\Users\Jiøí\.m2\repository\javax\sql\jdbc-stdext\2.0\jdbc-stdext-2.0.jar;C:\Users\Jiøí\.m2\repository\javax\transaction\jta\1.0.1B\jta-1.0.1B.jar;C:\Users\Jiøí\.m2\repository\commons-dbcp\commons-dbcp\1.4\commons-dbcp-1.4.jar;C:\Users\Jiøí\.m2\repository\org\jboss\logging\jboss-logging\3.1.0.GA\jboss-logging-3.1.0.GA.jar;C:\Users\Jiøí\.m2\repository\org\jboss\spec\javax\transaction\jboss-transaction-api_1.1_spec\1.0.0.Final\jboss-transaction-api_1.1_spec-1.0.0.Final.jar;C:\Users\Jiøí\.m2\repository\dom4j\dom4j\1.6.1\dom4j-1.6.1.jar;C:\Users\Jiøí\.m2\repository\org\hibernate\javax\persistence\hibernate-jpa-2.0-api\1.0.1.Final\hibernate-jpa-2.0-api-1.0.1.Final.jar;C:\Users\Jiøí\.m2\repository\org\javassist\javassist\3.15.0-GA\javassist-3.15.0-GA.jar;C:\Users\Jiøí\.m2\repository\org\hibernate\hibernate-core\4.1.7.Final\hibernate-core-4.1.7.Final.jar;C:\Users\Jiøí\.m2\repository\antlr\antlr\2.7.7\antlr-2.7.7.jar;C:\Users\Jiøí\.m2\repository\org\hibernate\common\hibernate-commons-annotations\4.0.1.Final\hibernate-commons-annotations-4.0.1.Final.jar;C:\Users\Jiøí\.m2\repository\org\springframework\spring-asm\3.1.2.RELEASE\spring-asm-3.1.2.RELEASE.jar;C:\Users\Jiøí\.m2\repository\commons-logging\commons-logging\1.1.1\commons-logging-1.1.1.jar;C:\Users\Jiøí\.m2\repository\org\springframework\spring-aop\3.1.2.RELEASE\spring-aop-3.1.2.RELEASE.jar;C:\Users\Jiøí\.m2\repository\org\springframework\spring-beans\3.1.2.RELEASE\spring-beans-3.1.2.RELEASE.jar;C:\Users\Jiøí\.m2\repository\org\springframework\spring-expression\3.1.2.RELEASE\spring-expression-3.1.2.RELEASE.jar;C:\Users\Jiøí\.m2\repository\org\springframework\spring-jdbc\3.1.2.RELEASE\spring-jdbc-3.1.2.RELEASE.jar;C:\Users\Jiøí\.m2\repository\org\springframework\spring-tx\3.1.2.RELEASE\spring-tx-3.1.2.RELEASE.jar;C:\Users\Jiøí\.m2\repository\aopalliance\aopalliance\1.0\aopalliance-1.0.jar;C:\Users\Jiøí\.m2\repository\org\springframework\spring-context-support\3.1.2.RELEASE\spring-context-support-3.1.2.RELEASE.jar;C:\Users\Jiøí\.m2\repository\org\slf4j\slf4j-api\1.6.1\slf4j-api-1.6.1.jar;C:\Users\Jiøí\.m2\repository\asm\asm\3.1\asm-3.1.jar;C:\Users\Jiøí\.m2\repository\commons-pool\commons-pool\1.5.4\commons-pool-1.5.4.jar;C:\Users\Jiøí\Documents\NetBeansProjects\Semestralka\target\classes
-aspectpath
C:\Users\Jiøí\.m2\repository\org\springframework\spring-aspects\3.1.2.RELEASE\spring-aspects-3.1.2.RELEASE.jar
-d
C:\Users\Jiøí\Documents\NetBeansProjects\Semestralka\target\classes
C:\Users\Jiøí\Documents\NetBeansProjects\Semestralka\src\main\java\cvut\semestralka\bo\Actor.java
C:\Users\Jiøí\Documents\NetBeansProjects\Semestralka\src\main\java\cvut\semestralka\bo\Customer.java
C:\Users\Jiøí\Documents\NetBeansProjects\Semestralka\src\main\java\cvut\semestralka\bo\Director.java
C:\Users\Jiøí\Documents\NetBeansProjects\Semestralka\src\main\java\cvut\semestralka\bo\DomainEntity.java
C:\Users\Jiøí\Documents\NetBeansProjects\Semestralka\src\main\java\cvut\semestralka\bo\Employee.java
C:\Users\Jiøí\Documents\NetBeansProjects\Semestralka\src\main\java\cvut\semestralka\bo\Film.java
C:\Users\Jiøí\Documents\NetBeansProjects\Semestralka\src\main\java\cvut\semestralka\bo\Orders.java
C:\Users\Jiøí\Documents\NetBeansProjects\Semestralka\src\main\java\cvut\semestralka\bo\User.java
C:\Users\Jiøí\Documents\NetBeansProjects\Semestralka\src\main\java\cvut\semestralka\dao\GenericDao.java
C:\Users\Jiøí\Documents\NetBeansProjects\Semestralka\src\main\java\cvut\semestralka\dao\ManyToManyDao.java
C:\Users\Jiøí\Documents\NetBeansProjects\Semestralka\src\main\java\cvut\semestralka\dto\AbstractDTO.java
C:\Users\Jiøí\Documents\NetBeansProjects\Semestralka\src\main\java\cvut\semestralka\dto\ActorDTO.java
C:\Users\Jiøí\Documents\NetBeansProjects\Semestralka\src\main\java\cvut\semestralka\dto\CustomerDTO.java
C:\Users\Jiøí\Documents\NetBeansProjects\Semestralka\src\main\java\cvut\semestralka\dto\DirectorDTO.java
C:\Users\Jiøí\Documents\NetBeansProjects\Semestralka\src\main\java\cvut\semestralka\dto\EmployeeDTO.java
C:\Users\Jiøí\Documents\NetBeansProjects\Semestralka\src\main\java\cvut\semestralka\dto\FilmDTO.java
C:\Users\Jiøí\Documents\NetBeansProjects\Semestralka\src\main\java\cvut\semestralka\dto\OrderDTO.java
C:\Users\Jiøí\Documents\NetBeansProjects\Semestralka\src\main\java\cvut\semestralka\dto\UserDTO.java
C:\Users\Jiøí\Documents\NetBeansProjects\Semestralka\src\main\java\cvut\semestralka\provider\HashProvider.java
C:\Users\Jiøí\Documents\NetBeansProjects\Semestralka\src\main\java\cvut\semestralka\provider\SHA1Provider.java
C:\Users\Jiøí\Documents\NetBeansProjects\Semestralka\src\main\java\cvut\semestralka\service\AbstractService.java
C:\Users\Jiøí\Documents\NetBeansProjects\Semestralka\src\main\java\cvut\semestralka\service\ActorService.java
C:\Users\Jiøí\Documents\NetBeansProjects\Semestralka\src\main\java\cvut\semestralka\service\CustomerService.java
C:\Users\Jiøí\Documents\NetBeansProjects\Semestralka\src\main\java\cvut\semestralka\service\DirectorService.java
C:\Users\Jiøí\Documents\NetBeansProjects\Semestralka\src\main\java\cvut\semestralka\service\EmployeeService.java
C:\Users\Jiøí\Documents\NetBeansProjects\Semestralka\src\main\java\cvut\semestralka\service\FilmService.java
C:\Users\Jiøí\Documents\NetBeansProjects\Semestralka\src\main\java\cvut\semestralka\service\OrderService.java
C:\Users\Jiøí\Documents\NetBeansProjects\Semestralka\src\main\java\cvut\semestralka\tools\Tools.java
